<?xml version="1.0" encoding="UTF-8"?>
<testng-results skipped="0" failed="0" ignored="0" total="1" passed="1">
  <reporter-output>
  </reporter-output>
  <suite name="Default suite" duration-ms="29355" started-at="2020-01-22T11:25:00Z" finished-at="2020-01-22T11:25:29Z">
    <groups>
    </groups>
    <test name="Default test" duration-ms="29355" started-at="2020-01-22T11:25:00Z" finished-at="2020-01-22T11:25:29Z">
      <class name="com.test.automation.demo.loginpage">
        <test-method status="PASS" signature="launchBrowser()[pri:0, instance:com.test.automation.demo.loginpage@e25b2fe]" name="launchBrowser" is-config="true" duration-ms="29014" started-at="2020-01-22T11:25:00Z" finished-at="2020-01-22T11:25:29Z">
          <reporter-output>
          </reporter-output>
        </test-method> <!-- launchBrowser -->
        <test-method status="PASS" signature="logintoapp()[pri:0, instance:com.test.automation.demo.loginpage@e25b2fe]" name="logintoapp" duration-ms="298" started-at="2020-01-22T11:25:29Z" finished-at="2020-01-22T11:25:29Z">
          <reporter-output>
          </reporter-output>
        </test-method> <!-- logintoapp -->
      </class> <!-- com.test.automation.demo.loginpage -->
    </test> <!-- Default test -->
  </suite> <!-- Default suite -->
</testng-results>
